14-02-2023 16:12:54 [main] INFO  : Starting LoggerApplication using Java 1.8.0_74 on LAPTOP-2I8SA6MP with PID 2200 (C:\spring\logger\target\classes started by 91733 in C:\spring\logger)
14-02-2023 16:12:54 [main] INFO  : No active profile set, falling back to 1 default profile: "default"
14-02-2023 16:12:56 [main] INFO  : Tomcat initialized with port(s): 8080 (http)
14-02-2023 16:12:56 [main] INFO  : Initializing ProtocolHandler ["http-nio-8080"]
14-02-2023 16:12:56 [main] INFO  : Starting service [Tomcat]
14-02-2023 16:12:56 [main] INFO  : Starting Servlet engine: [Apache Tomcat/9.0.71]
14-02-2023 16:12:56 [main] INFO  : Initializing Spring embedded WebApplicationContext
14-02-2023 16:12:56 [main] INFO  : Root WebApplicationContext: initialization completed in 1881 ms
14-02-2023 16:12:57 [main] INFO  : Starting ProtocolHandler ["http-nio-8080"]
14-02-2023 16:12:57 [main] INFO  : Tomcat started on port(s): 8080 (http) with context path ''
14-02-2023 16:12:57 [main] INFO  : Started LoggerApplication in 3.083 seconds (JVM running for 3.852)
14-02-2023 16:13:12 [main] INFO  : Starting LoggerApplication using Java 1.8.0_74 on LAPTOP-2I8SA6MP with PID 23952 (C:\spring\logger\target\classes started by 91733 in C:\spring\logger)
14-02-2023 16:13:12 [main] INFO  : No active profile set, falling back to 1 default profile: "default"
14-02-2023 16:13:13 [main] INFO  : Tomcat initialized with port(s): 8080 (http)
14-02-2023 16:13:13 [main] INFO  : Initializing ProtocolHandler ["http-nio-8080"]
14-02-2023 16:13:13 [main] INFO  : Starting service [Tomcat]
14-02-2023 16:13:13 [main] INFO  : Starting Servlet engine: [Apache Tomcat/9.0.71]
14-02-2023 16:13:13 [main] INFO  : Initializing Spring embedded WebApplicationContext
14-02-2023 16:13:13 [main] INFO  : Root WebApplicationContext: initialization completed in 1475 ms
14-02-2023 16:13:14 [main] INFO  : Starting ProtocolHandler ["http-nio-8080"]
14-02-2023 16:13:14 [main] INFO  : Tomcat started on port(s): 8080 (http) with context path ''
14-02-2023 16:13:14 [main] INFO  : Started LoggerApplication in 2.438 seconds (JVM running for 3.084)
14-02-2023 16:14:08 [http-nio-8080-exec-2] INFO  : Initializing Spring DispatcherServlet 'dispatcherServlet'
14-02-2023 16:14:08 [http-nio-8080-exec-2] INFO  : Initializing Servlet 'dispatcherServlet'
14-02-2023 16:14:08 [http-nio-8080-exec-2] INFO  : Completed initialization in 16 ms
14-02-2023 16:14:08 [http-nio-8080-exec-2] INFO  : Info demo
14-02-2023 16:14:08 [http-nio-8080-exec-2] ERROR : demoERROR on the file  
